[2023-01-23 16:55:52,147] multiqc                                            [DEBUG  ]  This is MultiQC v1.13
[2023-01-23 16:55:52,151] multiqc                                            [DEBUG  ]  Command used: /mnt/efs/clusterfcs/apps/conda/envs/iperez-cfRNAseq/bin/multiqc --force --outdir /mnt/efs/clusterfcs/data/tfm-esther/procesado-2 /mnt/efs/clusterfcs/data/tfm-esther/procesado-2
[2023-01-23 16:55:52,347] multiqc                                            [WARNING]  MultiQC Version v1.14 now available!
[2023-01-23 16:55:52,347] multiqc                                            [DEBUG  ]  Working dir : /mnt/efs/clusterfcs/scripts/tfm-esther
[2023-01-23 16:55:52,347] multiqc                                            [DEBUG  ]  Template    : default
[2023-01-23 16:55:52,347] multiqc                                            [DEBUG  ]  Running Python 3.8.13 (default, Oct 21 2022, 23:50:54)  [GCC 11.2.0]
[2023-01-23 16:55:52,347] multiqc                                            [DEBUG  ]  Analysing modules: custom_content, ccs, ngsderive, purple, conpair, lima, peddy, somalier, methylQA, mosdepth, phantompeakqualtools, qualimap, preseq, quast, qorts, rna_seqc, rockhopper, rsem, rseqc, busco, bustools, goleft_indexcov, gffcompare, disambiguate, supernova, deeptools, sargasso, verifybamid, mirtrace, happy, mirtop, sambamba, homer, hops, macs2, theta2, snpeff, gatk, htseq, bcftools, featureCounts, fgbio, dragen, dedup, pbmarkdup, damageprofiler, biobambam2, jcvi, mtnucratio, picard, vep, sentieon, prokka, qc3C, nanostat, samblaster, samtools, sexdeterrmine, eigenstratdatabasetools, bamtools, jellyfish, vcftools, longranger, stacks, varscan2, snippy, bbmap, bismark, biscuit, hicexplorer, hicup, hicpro, salmon, kallisto, slamdunk, star, hisat2, tophat, bowtie2, bowtie1, snpsplit, odgi, pangolin, kat, leehom, adapterRemoval, clipandmerge, cutadapt, flexbar, kaiju, kraken, malt, trimmomatic, sickle, skewer, sortmerna, biobloomtools, fastq_screen, afterqc, fastp, fastqc, pychopper, pycoqc, minionqc, multivcfanalyzer, clusterflow, checkqc, bcl2fastq, bclconvert, interop, ivar, flash, seqyclean, optitype, whatshap
[2023-01-23 16:55:52,349] multiqc                                            [DEBUG  ]  Using temporary directory for creating report: /tmp/tmpqpbpr072
[2023-01-23 16:55:52,608] multiqc                                            [INFO   ]  Search path : /mnt/efs/clusterfcs/data/tfm-esther/procesado-2
[2023-01-23 16:57:43,703] multiqc                                            [DEBUG  ]  Summary of files that were skipped by the search: [skipped_module_specific_max_filesize: 1745] // [skipped_no_match: 385] // [skipped_ignore_pattern: 240]
[2023-01-23 16:57:45,185] multiqc.plots.bargraph                             [DEBUG  ]  Using matplotlib version 3.1.3
[2023-01-23 16:57:45,193] multiqc.plots.linegraph                            [DEBUG  ]  Using matplotlib version 3.1.3
[2023-01-23 16:57:45,206] multiqc                                            [DEBUG  ]  No samples found: custom_content
[2023-01-23 16:57:45,272] multiqc.modules.rseqc.rseqc                        [INFO   ]  Found 20 read_distribution reports
[2023-01-23 16:57:45,421] multiqc.modules.featureCounts.feature_counts       [INFO   ]  Found 40 reports
[2023-01-23 16:57:45,790] multiqc.modules.picard.picard                      [INFO   ]  Found 20 InsertSizeMetrics reports
[2023-01-23 16:57:45,837] multiqc.modules.picard.MarkDuplicates              [DEBUG  ]  Duplicate sample name found in PP062_sorted_q10_mrkDup_dupMetrics.txt! Overwriting: PP062_sorted_q10
[2023-01-23 16:57:45,838] multiqc.modules.picard.MarkDuplicates              [DEBUG  ]  Duplicate sample name found in PP035_sorted_q10_mrkDup_dupMetrics.txt! Overwriting: PP035_sorted_q10
[2023-01-23 16:57:45,840] multiqc.modules.picard.MarkDuplicates              [DEBUG  ]  Duplicate sample name found in PP048_sorted_q10_mrkDup_dupMetrics.txt! Overwriting: PP048_sorted_q10
[2023-01-23 16:57:45,841] multiqc.modules.picard.MarkDuplicates              [DEBUG  ]  Duplicate sample name found in PP084_sorted_q10_mrkDup_dupMetrics.txt! Overwriting: PP084_sorted_q10
[2023-01-23 16:57:45,842] multiqc.modules.picard.MarkDuplicates              [DEBUG  ]  Duplicate sample name found in PP075_sorted_q10_mrkDup_dupMetrics.txt! Overwriting: PP075_sorted_q10
[2023-01-23 16:57:45,843] multiqc.modules.picard.MarkDuplicates              [DEBUG  ]  Duplicate sample name found in PP046_sorted_q10_mrkDup_dupMetrics.txt! Overwriting: PP046_sorted_q10
[2023-01-23 16:57:45,845] multiqc.modules.picard.MarkDuplicates              [DEBUG  ]  Duplicate sample name found in PP055_sorted_q10_mrkDup_dupMetrics.txt! Overwriting: PP055_sorted_q10
[2023-01-23 16:57:45,846] multiqc.modules.picard.MarkDuplicates              [DEBUG  ]  Duplicate sample name found in PP073_sorted_q10_mrkDup_dupMetrics.txt! Overwriting: PP073_sorted_q10
[2023-01-23 16:57:45,847] multiqc.modules.picard.MarkDuplicates              [DEBUG  ]  Duplicate sample name found in PP060_sorted_q10_mrkDup_dupMetrics.txt! Overwriting: PP060_sorted_q10
[2023-01-23 16:57:45,848] multiqc.modules.picard.MarkDuplicates              [DEBUG  ]  Duplicate sample name found in PP036_sorted_q10_mrkDup_dupMetrics.txt! Overwriting: PP036_sorted_q10
[2023-01-23 16:57:45,850] multiqc.modules.picard.MarkDuplicates              [DEBUG  ]  Duplicate sample name found in PP050_sorted_q10_mrkDup_dupMetrics.txt! Overwriting: PP050_sorted_q10
[2023-01-23 16:57:45,851] multiqc.modules.picard.MarkDuplicates              [DEBUG  ]  Duplicate sample name found in PP041_sorted_q10_mrkDup_dupMetrics.txt! Overwriting: PP041_sorted_q10
[2023-01-23 16:57:45,852] multiqc.modules.picard.MarkDuplicates              [DEBUG  ]  Duplicate sample name found in PP058_sorted_q10_mrkDup_dupMetrics.txt! Overwriting: PP058_sorted_q10
[2023-01-23 16:57:45,853] multiqc.modules.picard.MarkDuplicates              [DEBUG  ]  Duplicate sample name found in PP049_sorted_q10_mrkDup_dupMetrics.txt! Overwriting: PP049_sorted_q10
[2023-01-23 16:57:45,854] multiqc.modules.picard.MarkDuplicates              [DEBUG  ]  Duplicate sample name found in PP074_sorted_q10_mrkDup_dupMetrics.txt! Overwriting: PP074_sorted_q10
[2023-01-23 16:57:45,855] multiqc.modules.picard.MarkDuplicates              [DEBUG  ]  Duplicate sample name found in PP047_sorted_q10_mrkDup_dupMetrics.txt! Overwriting: PP047_sorted_q10
[2023-01-23 16:57:45,857] multiqc.modules.picard.MarkDuplicates              [DEBUG  ]  Duplicate sample name found in PP043_sorted_q10_mrkDup_dupMetrics.txt! Overwriting: PP043_sorted_q10
[2023-01-23 16:57:45,858] multiqc.modules.picard.MarkDuplicates              [DEBUG  ]  Duplicate sample name found in PP061_sorted_q10_mrkDup_dupMetrics.txt! Overwriting: PP061_sorted_q10
[2023-01-23 16:57:45,859] multiqc.modules.picard.MarkDuplicates              [DEBUG  ]  Duplicate sample name found in PP078_sorted_q10_mrkDup_dupMetrics.txt! Overwriting: PP078_sorted_q10
[2023-01-23 16:57:45,860] multiqc.modules.picard.MarkDuplicates              [DEBUG  ]  Duplicate sample name found in PP087_sorted_q10_mrkDup_dupMetrics.txt! Overwriting: PP087_sorted_q10
[2023-01-23 16:57:45,863] multiqc.modules.picard.picard                      [INFO   ]  Found 39 MarkDuplicates reports
[2023-01-23 16:57:46,122] multiqc.modules.samtools.samtools                  [INFO   ]  Found 80 flagstat reports
[2023-01-23 16:57:46,201] multiqc.modules.star.star                          [INFO   ]  Found 20 reports
[2023-01-23 16:57:47,138] multiqc.modules.fastqc.fastqc                      [INFO   ]  Found 40 reports
[2023-01-23 16:57:47,576] multiqc                                            [INFO   ]  Compressing plot data
[2023-01-23 16:57:48,541] multiqc                                            [INFO   ]  Report      : ../../data/tfm-esther/procesado-2/multiqc_report.html
[2023-01-23 16:57:48,542] multiqc                                            [INFO   ]  Data        : ../../data/tfm-esther/procesado-2/multiqc_data
[2023-01-23 16:57:48,542] multiqc                                            [DEBUG  ]  Moving data file from '/tmp/tmpqpbpr072/multiqc_data' to '/mnt/efs/clusterfcs/data/tfm-esther/procesado-2/multiqc_data'
[2023-01-23 16:57:49,081] multiqc                                            [INFO   ]  MultiQC complete
