[2023-02-13 16:52:23,208] multiqc                                            [DEBUG  ]  This is MultiQC v1.13
[2023-02-13 16:52:23,212] multiqc                                            [DEBUG  ]  Command used: /mnt/efs/clusterfcs/apps/conda/envs/iperez-cfRNAseq/bin/multiqc --force --outdir /mnt/efs/clusterfcs/data/tfm-esther/results/procesado-5 /mnt/efs/clusterfcs/data/tfm-esther/results/procesado-5
[2023-02-13 16:52:23,392] multiqc                                            [WARNING]  MultiQC Version v1.14 now available!
[2023-02-13 16:52:23,392] multiqc                                            [DEBUG  ]  Working dir : /mnt/efs/clusterfcs/scripts/tfm-esther
[2023-02-13 16:52:23,392] multiqc                                            [DEBUG  ]  Template    : default
[2023-02-13 16:52:23,392] multiqc                                            [DEBUG  ]  Running Python 3.8.13 (default, Oct 21 2022, 23:50:54)  [GCC 11.2.0]
[2023-02-13 16:52:23,392] multiqc                                            [DEBUG  ]  Analysing modules: custom_content, ccs, ngsderive, purple, conpair, lima, peddy, somalier, methylQA, mosdepth, phantompeakqualtools, qualimap, preseq, quast, qorts, rna_seqc, rockhopper, rsem, rseqc, busco, bustools, goleft_indexcov, gffcompare, disambiguate, supernova, deeptools, sargasso, verifybamid, mirtrace, happy, mirtop, sambamba, homer, hops, macs2, theta2, snpeff, gatk, htseq, bcftools, featureCounts, fgbio, dragen, dedup, pbmarkdup, damageprofiler, biobambam2, jcvi, mtnucratio, picard, vep, sentieon, prokka, qc3C, nanostat, samblaster, samtools, sexdeterrmine, eigenstratdatabasetools, bamtools, jellyfish, vcftools, longranger, stacks, varscan2, snippy, bbmap, bismark, biscuit, hicexplorer, hicup, hicpro, salmon, kallisto, slamdunk, star, hisat2, tophat, bowtie2, bowtie1, snpsplit, odgi, pangolin, kat, leehom, adapterRemoval, clipandmerge, cutadapt, flexbar, kaiju, kraken, malt, trimmomatic, sickle, skewer, sortmerna, biobloomtools, fastq_screen, afterqc, fastp, fastqc, pychopper, pycoqc, minionqc, multivcfanalyzer, clusterflow, checkqc, bcl2fastq, bclconvert, interop, ivar, flash, seqyclean, optitype, whatshap
[2023-02-13 16:52:23,392] multiqc                                            [DEBUG  ]  Using temporary directory for creating report: /tmp/tmpxreill2u
[2023-02-13 16:52:23,581] multiqc                                            [INFO   ]  Search path : /mnt/efs/clusterfcs/data/tfm-esther/results/procesado-5
[2023-02-13 16:53:52,913] multiqc                                            [DEBUG  ]  Summary of files that were skipped by the search: [skipped_module_specific_max_filesize: 1047] // [skipped_no_match: 225] // [skipped_ignore_pattern: 120] // [skipped_filesize_limit: 20]
[2023-02-13 16:53:53,742] multiqc.plots.bargraph                             [DEBUG  ]  Using matplotlib version 3.1.3
[2023-02-13 16:53:53,746] multiqc.plots.linegraph                            [DEBUG  ]  Using matplotlib version 3.1.3
[2023-02-13 16:53:53,753] multiqc                                            [DEBUG  ]  No samples found: custom_content
[2023-02-13 16:53:53,791] multiqc.modules.rseqc.rseqc                        [INFO   ]  Found 10 read_distribution reports
[2023-02-13 16:53:53,857] multiqc.modules.featureCounts.feature_counts       [INFO   ]  Found 20 reports
[2023-02-13 16:53:54,264] multiqc.modules.picard.picard                      [INFO   ]  Found 10 InsertSizeMetrics reports
[2023-02-13 16:53:54,290] multiqc.modules.picard.MarkDuplicates              [DEBUG  ]  Duplicate sample name found in RSQ_182_sorted_q10_mrkDup_dupMetrics.txt! Overwriting: RSQ_182_sorted_q10
[2023-02-13 16:53:54,291] multiqc.modules.picard.MarkDuplicates              [DEBUG  ]  Duplicate sample name found in RSQ_184_sorted_q10_mrkDup_dupMetrics.txt! Overwriting: RSQ_184_sorted_q10
[2023-02-13 16:53:54,292] multiqc.modules.picard.MarkDuplicates              [DEBUG  ]  Duplicate sample name found in RSQ_188_sorted_q10_mrkDup_dupMetrics.txt! Overwriting: RSQ_188_sorted_q10
[2023-02-13 16:53:54,294] multiqc.modules.picard.MarkDuplicates              [DEBUG  ]  Duplicate sample name found in RSQ_179_sorted_q10_mrkDup_dupMetrics.txt! Overwriting: RSQ_179_sorted_q10
[2023-02-13 16:53:54,295] multiqc.modules.picard.MarkDuplicates              [DEBUG  ]  Duplicate sample name found in RSQ_180_sorted_q10_mrkDup_dupMetrics.txt! Overwriting: RSQ_180_sorted_q10
[2023-02-13 16:53:54,297] multiqc.modules.picard.MarkDuplicates              [DEBUG  ]  Duplicate sample name found in RSQ_192_sorted_q10_mrkDup_dupMetrics.txt! Overwriting: RSQ_192_sorted_q10
[2023-02-13 16:53:54,298] multiqc.modules.picard.MarkDuplicates              [DEBUG  ]  Duplicate sample name found in RSQ_183_sorted_q10_mrkDup_dupMetrics.txt! Overwriting: RSQ_183_sorted_q10
[2023-02-13 16:53:54,299] multiqc.modules.picard.MarkDuplicates              [DEBUG  ]  Duplicate sample name found in RSQ_178_sorted_q10_mrkDup_dupMetrics.txt! Overwriting: RSQ_178_sorted_q10
[2023-02-13 16:53:54,301] multiqc.modules.picard.MarkDuplicates              [DEBUG  ]  Duplicate sample name found in RSQ_181_sorted_q10_mrkDup_dupMetrics.txt! Overwriting: RSQ_181_sorted_q10
[2023-02-13 16:53:54,302] multiqc.modules.picard.MarkDuplicates              [DEBUG  ]  Duplicate sample name found in RSQ_190_sorted_q10_mrkDup_dupMetrics.txt! Overwriting: RSQ_190_sorted_q10
[2023-02-13 16:53:54,305] multiqc.modules.picard.picard                      [INFO   ]  Found 20 MarkDuplicates reports
[2023-02-13 16:53:54,438] multiqc.modules.samtools.samtools                  [INFO   ]  Found 40 flagstat reports
[2023-02-13 16:53:54,496] multiqc.modules.star.star                          [INFO   ]  Found 20 reports
[2023-02-13 16:53:56,451] multiqc.modules.fastqc.fastqc                      [INFO   ]  Found 20 reports
[2023-02-13 16:53:56,852] multiqc                                            [INFO   ]  Compressing plot data
[2023-02-13 16:53:57,343] multiqc                                            [INFO   ]  Report      : ../../data/tfm-esther/results/procesado-5/multiqc_report.html
[2023-02-13 16:53:57,343] multiqc                                            [INFO   ]  Data        : ../../data/tfm-esther/results/procesado-5/multiqc_data
[2023-02-13 16:53:57,343] multiqc                                            [DEBUG  ]  Moving data file from '/tmp/tmpxreill2u/multiqc_data' to '/mnt/efs/clusterfcs/data/tfm-esther/results/procesado-5/multiqc_data'
[2023-02-13 16:53:57,760] multiqc                                            [INFO   ]  MultiQC complete
