[2023-01-26 11:52:43,079] multiqc                                            [DEBUG  ]  This is MultiQC v1.13
[2023-01-26 11:52:43,083] multiqc                                            [DEBUG  ]  Command used: /mnt/efs/clusterfcs/apps/conda/envs/iperez-cfRNAseq/bin/multiqc .
[2023-01-26 11:52:43,255] multiqc                                            [WARNING]  MultiQC Version v1.14 now available!
[2023-01-26 11:52:43,255] multiqc                                            [DEBUG  ]  Working dir : /mnt/efs/clusterfcs/data/tfm-esther/results/procesado-3
[2023-01-26 11:52:43,255] multiqc                                            [DEBUG  ]  Template    : default
[2023-01-26 11:52:43,255] multiqc                                            [DEBUG  ]  Running Python 3.8.13 (default, Oct 21 2022, 23:50:54)  [GCC 11.2.0]
[2023-01-26 11:52:43,255] multiqc                                            [DEBUG  ]  Analysing modules: custom_content, ccs, ngsderive, purple, conpair, lima, peddy, somalier, methylQA, mosdepth, phantompeakqualtools, qualimap, preseq, quast, qorts, rna_seqc, rockhopper, rsem, rseqc, busco, bustools, goleft_indexcov, gffcompare, disambiguate, supernova, deeptools, sargasso, verifybamid, mirtrace, happy, mirtop, sambamba, homer, hops, macs2, theta2, snpeff, gatk, htseq, bcftools, featureCounts, fgbio, dragen, dedup, pbmarkdup, damageprofiler, biobambam2, jcvi, mtnucratio, picard, vep, sentieon, prokka, qc3C, nanostat, samblaster, samtools, sexdeterrmine, eigenstratdatabasetools, bamtools, jellyfish, vcftools, longranger, stacks, varscan2, snippy, bbmap, bismark, biscuit, hicexplorer, hicup, hicpro, salmon, kallisto, slamdunk, star, hisat2, tophat, bowtie2, bowtie1, snpsplit, odgi, pangolin, kat, leehom, adapterRemoval, clipandmerge, cutadapt, flexbar, kaiju, kraken, malt, trimmomatic, sickle, skewer, sortmerna, biobloomtools, fastq_screen, afterqc, fastp, fastqc, pychopper, pycoqc, minionqc, multivcfanalyzer, clusterflow, checkqc, bcl2fastq, bclconvert, interop, ivar, flash, seqyclean, optitype, whatshap
[2023-01-26 11:52:43,255] multiqc                                            [DEBUG  ]  Using temporary directory for creating report: /tmp/tmplxxidht9
[2023-01-26 11:52:43,530] multiqc                                            [INFO   ]  Search path : /mnt/efs/clusterfcs/data/tfm-esther/results/procesado-3
[2023-01-26 11:54:17,866] multiqc                                            [DEBUG  ]  Summary of files that were skipped by the search: [skipped_module_specific_max_filesize: 1469] // [skipped_no_match: 364] // [skipped_ignore_pattern: 217] // [skipped_not_a_file: 8]
[2023-01-26 11:54:19,047] multiqc.plots.bargraph                             [DEBUG  ]  Using matplotlib version 3.1.3
[2023-01-26 11:54:19,054] multiqc.plots.linegraph                            [DEBUG  ]  Using matplotlib version 3.1.3
[2023-01-26 11:54:19,065] multiqc                                            [DEBUG  ]  No samples found: custom_content
[2023-01-26 11:54:19,115] multiqc.modules.rseqc.rseqc                        [INFO   ]  Found 18 read_distribution reports
[2023-01-26 11:54:19,209] multiqc.modules.featureCounts.feature_counts       [INFO   ]  Found 26 reports
[2023-01-26 11:54:19,510] multiqc.modules.picard.picard                      [INFO   ]  Found 16 InsertSizeMetrics reports
[2023-01-26 11:54:19,550] multiqc.modules.picard.MarkDuplicates              [DEBUG  ]  Duplicate sample name found in PP097_sorted_q10_mrkDup_dupMetrics.txt! Overwriting: PP097_sorted_q10
[2023-01-26 11:54:19,551] multiqc.modules.picard.MarkDuplicates              [DEBUG  ]  Duplicate sample name found in RSQ_047_sorted_q10_mrkDup_dupMetrics.txt! Overwriting: RSQ_047_sorted_q10
[2023-01-26 11:54:19,552] multiqc.modules.picard.MarkDuplicates              [DEBUG  ]  Duplicate sample name found in PP116_sorted_q10_mrkDup_dupMetrics.txt! Overwriting: PP116_sorted_q10
[2023-01-26 11:54:19,553] multiqc.modules.picard.MarkDuplicates              [DEBUG  ]  Duplicate sample name found in PP103_sorted_q10_mrkDup_dupMetrics.txt! Overwriting: PP103_sorted_q10
[2023-01-26 11:54:19,555] multiqc.modules.picard.MarkDuplicates              [DEBUG  ]  Duplicate sample name found in RSQ_041b_sorted_q10_mrkDup_dupMetrics.txt! Overwriting: RSQ_041b_sorted_q10
[2023-01-26 11:54:19,556] multiqc.modules.picard.MarkDuplicates              [DEBUG  ]  Duplicate sample name found in RSQ_049_sorted_q10_mrkDup_dupMetrics.txt! Overwriting: RSQ_049_sorted_q10
[2023-01-26 11:54:19,557] multiqc.modules.picard.MarkDuplicates              [DEBUG  ]  Duplicate sample name found in PP099_sorted_q10_mrkDup_dupMetrics.txt! Overwriting: PP099_sorted_q10
[2023-01-26 11:54:19,558] multiqc.modules.picard.MarkDuplicates              [DEBUG  ]  Duplicate sample name found in PP109_sorted_q10_mrkDup_dupMetrics.txt! Overwriting: PP109_sorted_q10
[2023-01-26 11:54:19,560] multiqc.modules.picard.MarkDuplicates              [DEBUG  ]  Duplicate sample name found in PP091_sorted_q10_mrkDup_dupMetrics.txt! Overwriting: PP091_sorted_q10
[2023-01-26 11:54:19,561] multiqc.modules.picard.MarkDuplicates              [DEBUG  ]  Duplicate sample name found in PP105_sorted_q10_mrkDup_dupMetrics.txt! Overwriting: PP105_sorted_q10
[2023-01-26 11:54:19,562] multiqc.modules.picard.MarkDuplicates              [DEBUG  ]  Duplicate sample name found in PP114_sorted_q10_mrkDup_dupMetrics.txt! Overwriting: PP114_sorted_q10
[2023-01-26 11:54:19,563] multiqc.modules.picard.MarkDuplicates              [DEBUG  ]  Duplicate sample name found in RSQ_054_sorted_q10_mrkDup_dupMetrics.txt! Overwriting: RSQ_054_sorted_q10
[2023-01-26 11:54:19,564] multiqc.modules.picard.MarkDuplicates              [DEBUG  ]  Duplicate sample name found in RSQ_066_sorted_q10_mrkDup_dupMetrics.txt! Overwriting: RSQ_066_sorted_q10
[2023-01-26 11:54:19,565] multiqc.modules.picard.MarkDuplicates              [DEBUG  ]  Duplicate sample name found in PP098_sorted_q10_mrkDup_dupMetrics.txt! Overwriting: PP098_sorted_q10
[2023-01-26 11:54:19,567] multiqc.modules.picard.MarkDuplicates              [DEBUG  ]  Duplicate sample name found in PP111_sorted_q10_mrkDup_dupMetrics.txt! Overwriting: PP111_sorted_q10
[2023-01-26 11:54:19,568] multiqc.modules.picard.MarkDuplicates              [DEBUG  ]  Duplicate sample name found in PP102_sorted_q10_mrkDup_dupMetrics.txt! Overwriting: PP102_sorted_q10
[2023-01-26 11:54:19,569] multiqc.modules.picard.MarkDuplicates              [DEBUG  ]  Duplicate sample name found in RSQ_051_sorted_q10_mrkDup_dupMetrics.txt! Overwriting: RSQ_051_sorted_q10
[2023-01-26 11:54:19,571] multiqc.modules.picard.picard                      [INFO   ]  Found 30 MarkDuplicates reports
[2023-01-26 11:54:19,764] multiqc.modules.samtools.samtools                  [INFO   ]  Found 70 flagstat reports
[2023-01-26 11:54:19,818] multiqc.modules.star.star                          [INFO   ]  Found 16 reports
[2023-01-26 11:54:22,095] multiqc.modules.fastqc.fastqc                      [INFO   ]  Found 40 reports
[2023-01-26 11:54:22,667] multiqc                                            [INFO   ]  Compressing plot data
[2023-01-26 11:54:23,517] multiqc                                            [INFO   ]  Report      : multiqc_report.html
[2023-01-26 11:54:23,517] multiqc                                            [INFO   ]  Data        : multiqc_data
[2023-01-26 11:54:23,517] multiqc                                            [DEBUG  ]  Moving data file from '/tmp/tmplxxidht9/multiqc_data' to '/mnt/efs/clusterfcs/data/tfm-esther/results/procesado-3/multiqc_data'
[2023-01-26 11:54:24,081] multiqc                                            [INFO   ]  MultiQC complete
