[2023-01-19 15:56:47,246] multiqc                                            [DEBUG  ]  This is MultiQC v1.13
[2023-01-19 15:56:47,250] multiqc                                            [DEBUG  ]  Command used: /mnt/efs/clusterfcs/apps/conda/envs/iperez-cfRNAseq/bin/multiqc --force --outdir /mnt/efs/clusterfcs/data/tfm-esther/results/procesado-1 /mnt/efs/clusterfcs/data/tfm-esther/results/procesado-1
[2023-01-19 15:56:47,432] multiqc                                            [WARNING]  MultiQC Version v1.14 now available!
[2023-01-19 15:56:47,432] multiqc                                            [DEBUG  ]  Working dir : /mnt/efs/clusterfcs/scripts/tfm-esther
[2023-01-19 15:56:47,432] multiqc                                            [DEBUG  ]  Template    : default
[2023-01-19 15:56:47,432] multiqc                                            [DEBUG  ]  Running Python 3.8.13 (default, Oct 21 2022, 23:50:54)  [GCC 11.2.0]
[2023-01-19 15:56:47,433] multiqc                                            [DEBUG  ]  Analysing modules: custom_content, ccs, ngsderive, purple, conpair, lima, peddy, somalier, methylQA, mosdepth, phantompeakqualtools, qualimap, preseq, quast, qorts, rna_seqc, rockhopper, rsem, rseqc, busco, bustools, goleft_indexcov, gffcompare, disambiguate, supernova, deeptools, sargasso, verifybamid, mirtrace, happy, mirtop, sambamba, homer, hops, macs2, theta2, snpeff, gatk, htseq, bcftools, featureCounts, fgbio, dragen, dedup, pbmarkdup, damageprofiler, biobambam2, jcvi, mtnucratio, picard, vep, sentieon, prokka, qc3C, nanostat, samblaster, samtools, sexdeterrmine, eigenstratdatabasetools, bamtools, jellyfish, vcftools, longranger, stacks, varscan2, snippy, bbmap, bismark, biscuit, hicexplorer, hicup, hicpro, salmon, kallisto, slamdunk, star, hisat2, tophat, bowtie2, bowtie1, snpsplit, odgi, pangolin, kat, leehom, adapterRemoval, clipandmerge, cutadapt, flexbar, kaiju, kraken, malt, trimmomatic, sickle, skewer, sortmerna, biobloomtools, fastq_screen, afterqc, fastp, fastqc, pychopper, pycoqc, minionqc, multivcfanalyzer, clusterflow, checkqc, bcl2fastq, bclconvert, interop, ivar, flash, seqyclean, optitype, whatshap
[2023-01-19 15:56:47,435] multiqc                                            [DEBUG  ]  Using temporary directory for creating report: /tmp/tmp7tcu_6er
[2023-01-19 15:56:47,676] multiqc                                            [INFO   ]  Search path : /mnt/efs/clusterfcs/data/tfm-esther/results/procesado-1
[2023-01-19 15:58:41,012] multiqc                                            [DEBUG  ]  Summary of files that were skipped by the search: [skipped_module_specific_max_filesize: 1745] // [skipped_no_match: 385] // [skipped_ignore_pattern: 240]
[2023-01-19 15:58:42,320] multiqc.plots.bargraph                             [DEBUG  ]  Using matplotlib version 3.1.3
[2023-01-19 15:58:42,327] multiqc.plots.linegraph                            [DEBUG  ]  Using matplotlib version 3.1.3
[2023-01-19 15:58:42,336] multiqc                                            [DEBUG  ]  No samples found: custom_content
[2023-01-19 15:58:42,397] multiqc.modules.rseqc.rseqc                        [INFO   ]  Found 20 read_distribution reports
[2023-01-19 15:58:42,515] multiqc.modules.featureCounts.feature_counts       [INFO   ]  Found 40 reports
[2023-01-19 15:58:42,800] multiqc.modules.picard.picard                      [INFO   ]  Found 20 InsertSizeMetrics reports
[2023-01-19 15:58:42,845] multiqc.modules.picard.MarkDuplicates              [DEBUG  ]  Duplicate sample name found in PP026_sorted_q10_mrkDup_dupMetrics.txt! Overwriting: PP026_sorted_q10
[2023-01-19 15:58:42,846] multiqc.modules.picard.MarkDuplicates              [DEBUG  ]  Duplicate sample name found in PP008_sorted_q10_mrkDup_dupMetrics.txt! Overwriting: PP008_sorted_q10
[2023-01-19 15:58:42,847] multiqc.modules.picard.MarkDuplicates              [DEBUG  ]  Duplicate sample name found in PP017_sorted_q10_mrkDup_dupMetrics.txt! Overwriting: PP017_sorted_q10
[2023-01-19 15:58:42,848] multiqc.modules.picard.MarkDuplicates              [DEBUG  ]  Duplicate sample name found in PP004_sorted_q10_mrkDup_dupMetrics.txt! Overwriting: PP004_sorted_q10
[2023-01-19 15:58:42,849] multiqc.modules.picard.MarkDuplicates              [DEBUG  ]  Duplicate sample name found in PP031_sorted_q10_mrkDup_dupMetrics.txt! Overwriting: PP031_sorted_q10
[2023-01-19 15:58:42,851] multiqc.modules.picard.MarkDuplicates              [DEBUG  ]  Duplicate sample name found in PP002_sorted_q10_mrkDup_dupMetrics.txt! Overwriting: PP002_sorted_q10
[2023-01-19 15:58:42,852] multiqc.modules.picard.MarkDuplicates              [DEBUG  ]  Duplicate sample name found in PP020_sorted_q10_mrkDup_dupMetrics.txt! Overwriting: PP020_sorted_q10
[2023-01-19 15:58:42,853] multiqc.modules.picard.MarkDuplicates              [DEBUG  ]  Duplicate sample name found in PP011_sorted_q10_mrkDup_dupMetrics.txt! Overwriting: PP011_sorted_q10
[2023-01-19 15:58:42,854] multiqc.modules.picard.MarkDuplicates              [DEBUG  ]  Duplicate sample name found in PP019_sorted_q10_mrkDup_dupMetrics.txt! Overwriting: PP019_sorted_q10
[2023-01-19 15:58:42,855] multiqc.modules.picard.MarkDuplicates              [DEBUG  ]  Duplicate sample name found in PP015_sorted_q10_mrkDup_dupMetrics.txt! Overwriting: PP015_sorted_q10
[2023-01-19 15:58:42,857] multiqc.modules.picard.MarkDuplicates              [DEBUG  ]  Duplicate sample name found in PP010_sorted_q10_mrkDup_dupMetrics.txt! Overwriting: PP010_sorted_q10
[2023-01-19 15:58:42,858] multiqc.modules.picard.MarkDuplicates              [DEBUG  ]  Duplicate sample name found in PP018_sorted_q10_mrkDup_dupMetrics.txt! Overwriting: PP018_sorted_q10
[2023-01-19 15:58:42,859] multiqc.modules.picard.MarkDuplicates              [DEBUG  ]  Duplicate sample name found in PP027_sorted_q10_mrkDup_dupMetrics.txt! Overwriting: PP027_sorted_q10
[2023-01-19 15:58:42,860] multiqc.modules.picard.MarkDuplicates              [DEBUG  ]  Duplicate sample name found in PP032_sorted_q10_mrkDup_dupMetrics.txt! Overwriting: PP032_sorted_q10
[2023-01-19 15:58:42,861] multiqc.modules.picard.MarkDuplicates              [DEBUG  ]  Duplicate sample name found in PP005_sorted_q10_mrkDup_dupMetrics.txt! Overwriting: PP005_sorted_q10
[2023-01-19 15:58:42,862] multiqc.modules.picard.MarkDuplicates              [DEBUG  ]  Duplicate sample name found in PP012_sorted_q10_mrkDup_dupMetrics.txt! Overwriting: PP012_sorted_q10
[2023-01-19 15:58:42,863] multiqc.modules.picard.MarkDuplicates              [DEBUG  ]  Duplicate sample name found in PP003_sorted_q10_mrkDup_dupMetrics.txt! Overwriting: PP003_sorted_q10
[2023-01-19 15:58:42,865] multiqc.modules.picard.MarkDuplicates              [DEBUG  ]  Duplicate sample name found in PP029_sorted_q10_mrkDup_dupMetrics.txt! Overwriting: PP029_sorted_q10
[2023-01-19 15:58:42,866] multiqc.modules.picard.MarkDuplicates              [DEBUG  ]  Duplicate sample name found in PP016_sorted_q10_mrkDup_dupMetrics.txt! Overwriting: PP016_sorted_q10
[2023-01-19 15:58:42,867] multiqc.modules.picard.MarkDuplicates              [DEBUG  ]  Duplicate sample name found in PP007_sorted_q10_mrkDup_dupMetrics.txt! Overwriting: PP007_sorted_q10
[2023-01-19 15:58:42,869] multiqc.modules.picard.picard                      [INFO   ]  Found 40 MarkDuplicates reports
[2023-01-19 15:58:43,103] multiqc.modules.samtools.samtools                  [INFO   ]  Found 80 flagstat reports
[2023-01-19 15:58:43,165] multiqc.modules.star.star                          [INFO   ]  Found 20 reports
[2023-01-19 15:58:44,090] multiqc.modules.fastqc.fastqc                      [INFO   ]  Found 40 reports
[2023-01-19 15:58:44,527] multiqc                                            [INFO   ]  Compressing plot data
[2023-01-19 15:58:45,509] multiqc                                            [INFO   ]  Report      : ../../data/tfm-esther/results/procesado-1/multiqc_report.html
[2023-01-19 15:58:45,509] multiqc                                            [INFO   ]  Data        : ../../data/tfm-esther/results/procesado-1/multiqc_data
[2023-01-19 15:58:45,509] multiqc                                            [DEBUG  ]  Moving data file from '/tmp/tmp7tcu_6er/multiqc_data' to '/mnt/efs/clusterfcs/data/tfm-esther/results/procesado-1/multiqc_data'
[2023-01-19 15:58:46,037] multiqc                                            [INFO   ]  MultiQC complete
